#
# There is insufficient memory for the Java Runtime Environment to continue.
# Native memory allocation (malloc) failed to allocate 1173936 bytes for Chunk::new
# Possible reasons:
#   The system is out of physical RAM or swap space
#   In 32 bit mode, the process size limit was hit
# Possible solutions:
#   Reduce memory load on the system
#   Increase physical memory or swap space
#   Check if swap backing store is full
#   Use 64 bit Java on a 64 bit OS
#   Decrease Java heap size (-Xmx/-Xms)
#   Decrease number of Java threads
#   Decrease Java thread stack sizes (-Xss)
#   Set larger code cache with -XX:ReservedCodeCacheSize=
# This output file may be truncated or incomplete.
#
#  Out of Memory Error (allocation.cpp:390), pid=12360, tid=0x00000000000017fc
#
# JRE version: Java(TM) SE Runtime Environment (8.0_101-b13) (build 1.8.0_101-b13)
# Java VM: Java HotSpot(TM) 64-Bit Server VM (25.101-b13 mixed mode windows-amd64 compressed oops)
# Failed to write core dump. Minidumps are not enabled by default on client versions of Windows
#

---------------  T H R E A D  ---------------

Current thread (0x0000000015e9b000):  JavaThread "C2 CompilerThread1" daemon [_thread_in_native, id=6140, stack(0x00000000174a0000,0x00000000175a0000)]

Stack: [0x00000000174a0000,0x00000000175a0000]
[error occurred during error reporting (printing stack bounds), id 0xc0000005]

Native frames: (J=compiled Java code, j=interpreted, Vv=VM code, C=native code)


Current CompileTask:
C2:23470203 27200       4       com.android.ide.common.xml.XmlPrettyPrinter::printOpenElementTag (525 bytes)


---------------  P R O C E S S  ---------------

Java Threads: ( => current thread )
  0x0000000018c18800 JavaThread "pool-796-thread-4" [_thread_new, id=2384, stack(0x0000000000000000,0x0000000000000000)]
  0x0000000018c1c000 JavaThread "pool-796-thread-3" [_thread_new, id=5708, stack(0x0000000000000000,0x0000000000000000)]
  0x0000000018c17800 JavaThread "pool-796-thread-2" [_thread_new, id=3340, stack(0x0000000000000000,0x0000000000000000)]
  0x000000001d6ba800 JavaThread "pool-797-thread-1" [_thread_new, id=10912, stack(0x0000000000000000,0x0000000000000000)]
  0x000000001d6b9000 JavaThread "pool-796-thread-1" [_thread_new, id=9204, stack(0x0000000000000000,0x0000000000000000)]
  0x000000001d6b7800 JavaThread "pool-789-thread-1" [_thread_in_Java, id=7728, stack(0x000000004aa80000,0x000000004ab80000)]
  0x000000001d6bc000 JavaThread "pool-793-thread-4" [_thread_blocked, id=4736, stack(0x000000004a980000,0x000000004aa80000)]
  0x000000001d6b3000 JavaThread "pool-793-thread-3" [_thread_blocked, id=8812, stack(0x000000004a880000,0x000000004a980000)]
  0x000000001d6b2000 JavaThread "pool-793-thread-2" [_thread_blocked, id=6516, stack(0x000000004a780000,0x000000004a880000)]
  0x000000001d6b6000 JavaThread "pool-794-thread-1" [_thread_blocked, id=8520, stack(0x000000004a680000,0x000000004a780000)]
  0x000000001d6b8000 JavaThread "pool-793-thread-1" [_thread_blocked, id=8908, stack(0x000000004a580000,0x000000004a680000)]
  0x000000001d6be000 JavaThread "pool-778-thread-4" [_thread_blocked, id=11760, stack(0x0000000048d80000,0x0000000048e80000)]
  0x000000001d6b0000 JavaThread "pool-778-thread-3" [_thread_blocked, id=3036, stack(0x0000000048c80000,0x0000000048d80000)]
  0x000000001d6b6800 JavaThread "pool-778-thread-2" [_thread_blocked, id=12616, stack(0x0000000048b80000,0x0000000048c80000)]
  0x000000001d6af000 JavaThread "pool-779-thread-1" [_thread_blocked, id=9132, stack(0x0000000048a80000,0x0000000048b80000)]
  0x000000001d6b3800 JavaThread "pool-778-thread-1" [_thread_blocked, id=7240, stack(0x0000000048980000,0x0000000048a80000)]
  0x000000001c0ba800 JavaThread "pool-657-thread-4" [_thread_blocked, id=8788, stack(0x000000002e780000,0x000000002e880000)]
  0x000000001c0bc000 JavaThread "pool-657-thread-3" [_thread_blocked, id=13092, stack(0x000000002e680000,0x000000002e780000)]
  0x000000001c0bf800 JavaThread "pool-657-thread-2" [_thread_blocked, id=7920, stack(0x000000002e580000,0x000000002e680000)]
  0x000000001c0c0800 JavaThread "pool-657-thread-1" [_thread_blocked, id=12788, stack(0x000000002e480000,0x000000002e580000)]
  0x000000001c0b3000 JavaThread "Stdin handler" [_thread_blocked, id=11736, stack(0x000000002e380000,0x000000002e480000)]
  0x000000001c0b9800 JavaThread "Asynchronous log dispatcher for org.gradle.launcher.daemon.server.DefaultDaemonConnection@1d03fdc5" [_thread_blocked, id=6560, stack(0x000000002e280000,0x000000002e380000)]
  0x000000001c0b2000 JavaThread "Daemon worker Thread 25" [_thread_blocked, id=9116, stack(0x000000002e180000,0x000000002e280000)]
  0x000000001c0b9000 JavaThread "Cancel handler" [_thread_blocked, id=8496, stack(0x000000002e080000,0x000000002e180000)]
  0x000000001c0b6000 JavaThread "Handler for socket connection from /127.0.0.1:50838 to /127.0.0.1:60955" [_thread_in_native, id=11536, stack(0x000000002df80000,0x000000002e080000)]
  0x000000001c0b7800 JavaThread "Daemon Thread 25" [_thread_blocked, id=11600, stack(0x000000002de80000,0x000000002df80000)]
  0x000000001c0b6800 JavaThread "pool-11-thread-4" [_thread_blocked, id=12176, stack(0x0000000028380000,0x0000000028480000)]
  0x000000001c0b5000 JavaThread "pool-11-thread-3" [_thread_in_native, id=5700, stack(0x0000000028280000,0x0000000028380000)]
  0x000000001c0b4800 JavaThread "pool-11-thread-2" [_thread_in_Java, id=5168, stack(0x0000000028180000,0x0000000028280000)]
  0x000000001c0b8000 JavaThread "pool-11-thread-1" [_thread_in_Java, id=11432, stack(0x0000000028080000,0x0000000028180000)]
  0x0000000018c1a000 JavaThread "File lock request listener" [_thread_in_native, id=9296, stack(0x000000001bb40000,0x000000001bc40000)]
  0x0000000018cd5800 JavaThread "Incoming local TCP Connector on port 50838" [_thread_in_native, id=9792, stack(0x00000000198b0000,0x00000000199b0000)]
  0x000000001898c800 JavaThread "pool-1-thread-1" [_thread_blocked, id=10616, stack(0x00000000197b0000,0x00000000198b0000)]
  0x0000000015ead000 JavaThread "Service Thread" daemon [_thread_blocked, id=12532, stack(0x0000000017aa0000,0x0000000017ba0000)]
  0x00000000175b0800 JavaThread "C1 CompilerThread2" daemon [_thread_blocked, id=5464, stack(0x00000000179a0000,0x0000000017aa0000)]
=>0x0000000015e9b000 JavaThread "C2 CompilerThread1" daemon [_thread_in_native, id=6140, stack(0x00000000174a0000,0x00000000175a0000)]
  0x0000000015e51000 JavaThread "C2 CompilerThread0" daemon [_thread_blocked, id=10260, stack(0x00000000173a0000,0x00000000174a0000)]
  0x0000000015e4f800 JavaThread "Attach Listener" daemon [_thread_blocked, id=2440, stack(0x00000000172a0000,0x00000000173a0000)]
  0x0000000015e4e000 JavaThread "Signal Dispatcher" daemon [_thread_blocked, id=4036, stack(0x00000000171a0000,0x00000000172a0000)]
  0x0000000015e3a800 JavaThread "Finalizer" daemon [_thread_blocked, id=8628, stack(0x00000000170a0000,0x00000000171a0000)]
  0x00000000024cf800 JavaThread "Reference Handler" daemon [_thread_blocked, id=3636, stack(0x0000000016fa0000,0x00000000170a0000)]
  0x00000000023e0800 JavaThread "main" [_thread_blocked, id=6640, stack(0x00000000022e0000,0x00000000023e0000)]

Other Threads:
  0x0000000015e17800 VMThread [stack: 0x0000000016ea0000,0x0000000016fa0000] [id=7944]
  0x00000000175cb800 WatcherThread [stack: 0x0000000017ba0000,0x0000000017ca0000] [id=11576]

VM state:not at safepoint (normal execution)

VM Mutex/Monitor currently owned by a thread: None

Heap:
 PSYoungGen      total 359424K, used 157778K [0x00000000e0000000, 0x00000000ff980000, 0x0000000100000000)
  eden space 212992K, 47% used [0x00000000e0000000,0x00000000e63d6e58,0x00000000ed000000)
  from space 146432K, 37% used [0x00000000ed000000,0x00000000f063dcf8,0x00000000f5f00000)
  to   space 138752K, 0% used [0x00000000f7200000,0x00000000f7200000,0x00000000ff980000)
 ParOldGen       total 714240K, used 260375K [0x00000000a0000000, 0x00000000cb980000, 0x00000000e0000000)
  object space 714240K, 36% used [0x00000000a0000000,0x00000000afe45fb8,0x00000000cb980000)
 Metaspace       used 76259K, capacity 81582K, committed 81920K, reserved 1120256K
  class space    used 9656K, capacity 10262K, committed 10496K, reserved 1048576K

Card table byte_map: [0x00000000118a0000,0x0000000011bb0000] byte_map_base: 0x00000000113a0000

Marking Bits: (ParMarkBitMap*) 0x000000005ab3a6d0
 Begin Bits: [0x00000000121b0000, 0x00000000139b0000)
 End Bits:   [0x00000000139b0000, 0x00000000151b0000)

Polling page: 0x0000000000500000

CodeCache: size=245760Kb used=75112Kb max_used=75121Kb free=170648Kb
 bounds [0x00000000024e0000, 0x0000000006ec0000, 0x00000000114e0000]
 total_blobs=19933 nmethods=19176 adapters=667
 compilation: enabled

Compilation events (10 events):
Event: 23464.786 Thread 0x00000000175b0800 nmethod 27198 0x0000000003d7b350 code [0x0000000003d7b4c0, 0x0000000003d7b768]
Event: 23464.786 Thread 0x00000000175b0800 27199   !   3       java.lang.ThreadGroup::threadTerminated (63 bytes)
Event: 23464.786 Thread 0x00000000175b0800 nmethod 27199 0x0000000003ab8c10 code [0x0000000003ab8da0, 0x0000000003ab9368]
Event: 23465.147 Thread 0x0000000015e9b000 27200       4       com.android.ide.common.xml.XmlPrettyPrinter::printOpenElementTag (525 bytes)
Event: 23465.188 Thread 0x0000000015e51000 27201       4       com.android.dx.cf.code.Simulator$SimVisitor::visitSwitch (54 bytes)
Event: 23465.203 Thread 0x0000000015e51000 nmethod 27201 0x0000000006e56e50 code [0x0000000006e56fe0, 0x0000000006e57698]
Event: 23465.466 Thread 0x00000000175b0800 27202       3       java.security.MessageDigest::digest (49 bytes)
Event: 23465.467 Thread 0x00000000175b0800 nmethod 27202 0x0000000003cab410 code [0x0000000003cab5a0, 0x0000000003cab9a8]
Event: 23465.467 Thread 0x00000000175b0800 27203       3       java.security.MessageDigest$Delegate::engineDigest (11 bytes)
Event: 23465.467 Thread 0x00000000175b0800 nmethod 27203 0x0000000003fdd750 code [0x0000000003fdd8c0, 0x0000000003fddae8]

GC Heap History (10 events):
Event: 23463.285 GC heap before
{Heap before GC invocations=210 (full 31):
 PSYoungGen      total 388608K, used 343997K [0x00000000e0000000, 0x0000000100000000, 0x0000000100000000)
  eden space 262144K, 100% used [0x00000000e0000000,0x00000000f0000000,0x00000000f0000000)
  from space 126464K, 64% used [0x00000000f8480000,0x00000000fd46f400,0x0000000100000000)
  to   space 131072K, 0% used [0x00000000f0000000,0x00000000f0000000,0x00000000f8000000)
 ParOldGen       total 714240K, used 209918K [0x00000000a0000000, 0x00000000cb980000, 0x00000000e0000000)
  object space 714240K, 29% used [0x00000000a0000000,0x00000000accff8e8,0x00000000cb980000)
 Metaspace       used 76256K, capacity 81582K, committed 81920K, reserved 1120256K
  class space    used 9656K, capacity 10262K, committed 10496K, reserved 1048576K
Event: 23463.473 GC heap after
Heap after GC invocations=210 (full 31):
 PSYoungGen      total 368128K, used 105909K [0x00000000e0000000, 0x0000000100000000, 0x0000000100000000)
  eden space 262144K, 0% used [0x00000000e0000000,0x00000000e0000000,0x00000000f0000000)
  from space 105984K, 99% used [0x00000000f0000000,0x00000000f676d4f0,0x00000000f6780000)
  to   space 143872K, 0% used [0x00000000f7380000,0x00000000f7380000,0x0000000100000000)
 ParOldGen       total 714240K, used 210270K [0x00000000a0000000, 0x00000000cb980000, 0x00000000e0000000)
  object space 714240K, 29% used [0x00000000a0000000,0x00000000acd578e8,0x00000000cb980000)
 Metaspace       used 76256K, capacity 81582K, committed 81920K, reserved 1120256K
  class space    used 9656K, capacity 10262K, committed 10496K, reserved 1048576K
}
Event: 23463.775 GC heap before
{Heap before GC invocations=211 (full 31):
 PSYoungGen      total 368128K, used 368053K [0x00000000e0000000, 0x0000000100000000, 0x0000000100000000)
  eden space 262144K, 100% used [0x00000000e0000000,0x00000000f0000000,0x00000000f0000000)
  from space 105984K, 99% used [0x00000000f0000000,0x00000000f676d4f0,0x00000000f6780000)
  to   space 143872K, 0% used [0x00000000f7380000,0x00000000f7380000,0x0000000100000000)
 ParOldGen       total 714240K, used 210270K [0x00000000a0000000, 0x00000000cb980000, 0x00000000e0000000)
  object space 714240K, 29% used [0x00000000a0000000,0x00000000acd578e8,0x00000000cb980000)
 Metaspace       used 76257K, capacity 81582K, committed 81920K, reserved 1120256K
  class space    used 9656K, capacity 10262K, committed 10496K, reserved 1048576K
Event: 23464.078 GC heap after
Heap after GC invocations=211 (full 31):
 PSYoungGen      total 347648K, used 125302K [0x00000000e0000000, 0x0000000100000000, 0x0000000100000000)
  eden space 203776K, 0% used [0x00000000e0000000,0x00000000e0000000,0x00000000ec700000)
  from space 143872K, 87% used [0x00000000f7380000,0x00000000feddd8f8,0x0000000100000000)
  to   space 160256K, 0% used [0x00000000ec700000,0x00000000ec700000,0x00000000f6380000)
 ParOldGen       total 714240K, used 226424K [0x00000000a0000000, 0x00000000cb980000, 0x00000000e0000000)
  object space 714240K, 31% used [0x00000000a0000000,0x00000000add1e030,0x00000000cb980000)
 Metaspace       used 76257K, capacity 81582K, committed 81920K, reserved 1120256K
  class space    used 9656K, capacity 10262K, committed 10496K, reserved 1048576K
}
Event: 23464.436 GC heap before
{Heap before GC invocations=212 (full 31):
 PSYoungGen      total 347648K, used 329078K [0x00000000e0000000, 0x0000000100000000, 0x0000000100000000)
  eden space 203776K, 100% used [0x00000000e0000000,0x00000000ec700000,0x00000000ec700000)
  from space 143872K, 87% used [0x00000000f7380000,0x00000000feddd8f8,0x0000000100000000)
  to   space 160256K, 0% used [0x00000000ec700000,0x00000000ec700000,0x00000000f6380000)
 ParOldGen       total 714240K, used 226424K [0x00000000a0000000, 0x00000000cb980000, 0x00000000e0000000)
  object space 714240K, 31% used [0x00000000a0000000,0x00000000add1e030,0x00000000cb980000)
 Metaspace       used 76257K, capacity 81582K, committed 81920K, reserved 1120256K
  class space    used 9656K, capacity 10262K, committed 10496K, reserved 1048576K
Event: 23464.586 GC heap after
Heap after GC invocations=212 (full 31):
 PSYoungGen      total 364032K, used 62830K [0x00000000e0000000, 0x00000000ffe00000, 0x0000000100000000)
  eden space 203776K, 0% used [0x00000000e0000000,0x00000000e0000000,0x00000000ec700000)
  from space 160256K, 39% used [0x00000000ec700000,0x00000000f045bb48,0x00000000f6380000)
  to   space 151040K, 0% used [0x00000000f6a80000,0x00000000f6a80000,0x00000000ffe00000)
 ParOldGen       total 714240K, used 240567K [0x00000000a0000000, 0x00000000cb980000, 0x00000000e0000000)
  object space 714240K, 33% used [0x00000000a0000000,0x00000000aeaedd20,0x00000000cb980000)
 Metaspace       used 76257K, capacity 81582K, committed 81920K, reserved 1120256K
  class space    used 9656K, capacity 10262K, committed 10496K, reserved 1048576K
}
Event: 23464.885 GC heap before
{Heap before GC invocations=213 (full 31):
 PSYoungGen      total 364032K, used 266606K [0x00000000e0000000, 0x00000000ffe00000, 0x0000000100000000)
  eden space 203776K, 100% used [0x00000000e0000000,0x00000000ec700000,0x00000000ec700000)
  from space 160256K, 39% used [0x00000000ec700000,0x00000000f045bb48,0x00000000f6380000)
  to   space 151040K, 0% used [0x00000000f6a80000,0x00000000f6a80000,0x00000000ffe00000)
 ParOldGen       total 714240K, used 240567K [0x00000000a0000000, 0x00000000cb980000, 0x00000000e0000000)
  object space 714240K, 33% used [0x00000000a0000000,0x00000000aeaedd20,0x00000000cb980000)
 Metaspace       used 76258K, capacity 81582K, committed 81920K, reserved 1120256K
  class space    used 9656K, capacity 10262K, committed 10496K, reserved 1048576K
Event: 23464.999 GC heap after
Heap after GC invocations=213 (full 31):
 PSYoungGen      total 347648K, used 38157K [0x00000000e0000000, 0x00000000fee00000, 0x0000000100000000)
  eden space 212992K, 0% used [0x00000000e0000000,0x00000000e0000000,0x00000000ed000000)
  from space 134656K, 28% used [0x00000000f6a80000,0x00000000f8fc3788,0x00000000fee00000)
  to   space 146432K, 0% used [0x00000000ed000000,0x00000000ed000000,0x00000000f5f00000)
 ParOldGen       total 714240K, used 253521K [0x00000000a0000000, 0x00000000cb980000, 0x00000000e0000000)
  object space 714240K, 35% used [0x00000000a0000000,0x00000000af794418,0x00000000cb980000)
 Metaspace       used 76258K, capacity 81582K, committed 81920K, reserved 1120256K
  class space    used 9656K, capacity 10262K, committed 10496K, reserved 1048576K
}
Event: 23465.336 GC heap before
{Heap before GC invocations=214 (full 31):
 PSYoungGen      total 347648K, used 251149K [0x00000000e0000000, 0x00000000fee00000, 0x0000000100000000)
  eden space 212992K, 100% used [0x00000000e0000000,0x00000000ed000000,0x00000000ed000000)
  from space 134656K, 28% used [0x00000000f6a80000,0x00000000f8fc3788,0x00000000fee00000)
  to   space 146432K, 0% used [0x00000000ed000000,0x00000000ed000000,0x00000000f5f00000)
 ParOldGen       total 714240K, used 253521K [0x00000000a0000000, 0x00000000cb980000, 0x00000000e0000000)
  object space 714240K, 35% used [0x00000000a0000000,0x00000000af794418,0x00000000cb980000)
 Metaspace       used 76258K, capacity 81582K, committed 81920K, reserved 1120256K
  class space    used 9656K, capacity 10262K, committed 10496K, reserved 1048576K
Event: 23465.429 GC heap after
Heap after GC invocations=214 (full 31):
 PSYoungGen      total 359424K, used 55543K [0x00000000e0000000, 0x00000000ff980000, 0x0000000100000000)
  eden space 212992K, 0% used [0x00000000e0000000,0x00000000e0000000,0x00000000ed000000)
  from space 146432K, 37% used [0x00000000ed000000,0x00000000f063dcf8,0x00000000f5f00000)
  to   space 138752K, 0% used [0x00000000f7200000,0x00000000f7200000,0x00000000ff980000)
 ParOldGen       total 714240K, used 260375K [0x00000000a0000000, 0x00000000cb980000, 0x00000000e0000000)
  object space 714240K, 36% used [0x00000000a0000000,0x00000000afe45fb8,0x00000000cb980000)
 Metaspace       used 76258K, capacity 81582K, committed 81920K, reserved 1120256K
  class space    used 9656K, capacity 10262K, committed 10496K, reserved 1048576K
}

Deoptimization events (10 events):
Event: 23457.248 Thread 0x000000001c0b8000 Uncommon trap: reason=unstable_if action=reinterpret pc=0x0000000005a73d24 method=java.lang.ref.SoftReference.get()Ljava/lang/Object; @ 6
Event: 23457.264 Thread 0x000000001c0b4800 Uncommon trap: reason=unstable_if action=reinterpret pc=0x0000000004503d5c method=java.lang.ref.SoftReference.get()Ljava/lang/Object; @ 6
Event: 23457.532 Thread 0x0000000018c1b800 Uncommon trap: reason=unstable_if action=reinterpret pc=0x0000000006718a4c method=com.android.dx.dex.code.StdCatchBuilder.handlersFor(Lcom/android/dx/rop/code/BasicBlock;Lcom/android/dx/dex/code/BlockAddresses;)Lcom/android/dx/dex/code/CatchHandlerList; @ 
Event: 23457.551 Thread 0x0000000018c18800 Uncommon trap: reason=unstable_if action=reinterpret pc=0x00000000068eaa50 method=com.android.dx.dex.file.OffsettedItem.equals(Ljava/lang/Object;)Z @ 36
Event: 23458.971 Thread 0x000000001c0be000 Uncommon trap: reason=class_check action=maybe_recompile pc=0x00000000055a5058 method=com.android.dx.ssa.SCCP.simulateBranch(Lcom/android/dx/ssa/SsaInsn;)V @ 339
Event: 23458.976 Thread 0x000000001c0be000 Uncommon trap: reason=class_check action=maybe_recompile pc=0x00000000055a5058 method=com.android.dx.ssa.SCCP.simulateBranch(Lcom/android/dx/ssa/SsaInsn;)V @ 339
Event: 23459.684 Thread 0x000000001d6b2000 Uncommon trap: reason=array_check action=maybe_recompile pc=0x0000000006dba1f0 method=java.util.ComparableTimSort.mergeLo(IIII)V @ 133
Event: 23459.753 Thread 0x000000001d6b2000 Uncommon trap: reason=array_check action=maybe_recompile pc=0x0000000006dba1f0 method=java.util.ComparableTimSort.mergeLo(IIII)V @ 133
Event: 23462.502 Thread 0x000000001c0b8000 Uncommon trap: reason=class_check action=maybe_recompile pc=0x00000000055a5058 method=com.android.dx.ssa.SCCP.simulateBranch(Lcom/android/dx/ssa/SsaInsn;)V @ 339
Event: 23462.507 Thread 0x000000001c0b8000 Uncommon trap: reason=class_check action=maybe_recompile pc=0x00000000055a5058 method=com.android.dx.ssa.SCCP.simulateBranch(Lcom/android/dx/ssa/SsaInsn;)V @ 339

Internal exceptions (10 events):
Event: 22676.194 Thread 0x000000001c0b2000 Exception <a 'java/lang/ClassNotFoundException': asLocalRepo520_b8unn69janxpkxc6rjb5xe9cfCustomizer> (0x00000000e0b028e0) thrown at [C:\re\workspace\8-2-build-windows-amd64-cygwin\jdk8u101\7261\hotspot\src\share\vm\classfile\systemDictionary.cpp, line 210]fJOv9%÷@
Event: 22676.898 Thread 0x000000001c0b2000 Exception <a 'java/lang/reflect/InvocationTargetException'> (0x00000000e75e6248) thrown at [C:\re\workspace\8-2-build-windows-amd64-cygwin\jdk8u101\7261\hotspot\src\share\vm\runtime\reflection.cpp, line 1092]
Event: 22739.074 Thread 0x000000001c0b2000 Exception <a 'java/lang/ClassNotFoundException': asLocalRepo332_ac7n0thm1p19iuamajj4mpun4BeanInfo> (0x00000000eac60830) thrown at [C:\re\workspace\8-2-build-windows-amd64-cygwin\jdk8u101\7261\hotspot\src\share\vm\classfile\systemDictionary.cpp, line 210]
Event: 22739.075 Thread 0x000000001c0b2000 Exception <a 'java/lang/ClassNotFoundException': asLocalRepo332_ac7n0thm1p19iuamajj4mpun4Customizer> (0x00000000eac6a3b8) thrown at [C:\re\workspace\8-2-build-windows-amd64-cygwin\jdk8u101\7261\hotspot\src\share\vm\classfile\systemDictionary.cpp, line 210]ùÚM€4÷@
Event: 22739.427 Thread 0x000000001c0b2000 Exception <a 'java/lang/reflect/InvocationTargetException'> (0x00000000ef5e8eb8) thrown at [C:\re\workspace\8-2-build-windows-amd64-cygwin\jdk8u101\7261\hotspot\src\share\vm\runtime\reflection.cpp, line 1092]
Event: 23000.691 Thread 0x000000001c0b2000 Exception <a 'java/lang/ClassNotFoundException': asLocalRepo383_1qqa94ez60ws8b7qcs9lflxqnBeanInfo> (0x00000000e0b43f10) thrown at [C:\re\workspace\8-2-build-windows-amd64-cygwin\jdk8u101\7261\hotspot\src\share\vm\classfile\systemDictionary.cpp, line 210]
Event: 23000.691 Thread 0x000000001c0b2000 Exception <a 'java/lang/ClassNotFoundException': asLocalRepo383_1qqa94ez60ws8b7qcs9lflxqnCustomizer> (0x00000000e0b4da98) thrown at [C:\re\workspace\8-2-build-windows-amd64-cygwin\jdk8u101\7261\hotspot\src\share\vm\classfile\systemDictionary.cpp, line 210]¯˜∞…,ﬁ÷@
Event: 23416.700 Thread 0x000000001c0b2000 Exception <a 'java/lang/ClassNotFoundException': asLocalRepo602_3rzxs0qmrqvpy6mfn7lw5c3evBeanInfo> (0x00000000e089eaf8) thrown at [C:\re\workspace\8-2-build-windows-amd64-cygwin\jdk8u101\7261\hotspot\src\share\vm\classfile\systemDictionary.cpp, line 210]
Event: 23416.701 Thread 0x000000001c0b2000 Exception <a 'java/lang/ClassNotFoundException': asLocalRepo602_3rzxs0qmrqvpy6mfn7lw5c3evCustomizer> (0x00000000e08a8680) thrown at [C:\re\workspace\8-2-build-windows-amd64-cygwin\jdk8u101\7261\hotspot\src\share\vm\classfile\systemDictionary.cpp, line 210]
Event: 23457.248 Thread 0x000000001c0b8000 Implicit null exception at 0x0000000005a72e01 to 0x0000000005a73cf5

Events (10 events):
Event: 23465.564 Thread 0x0000000018c1d800 Thread exited: 0x0000000018c1d800
Event: 23465.565 Thread 0x000000001c0bd800 Thread exited: 0x000000001c0bd800
Event: 23465.565 Thread 0x0000000018c17000 Thread exited: 0x0000000018c17000
Event: 23465.565 Thread 0x000000001d6b7800 Thread added: 0x000000001d6b7800
Event: 23465.586 Thread 0x000000001c0be000 Thread exited: 0x000000001c0be000
Event: 23465.596 Thread 0x000000001d6b9000 Thread added: 0x000000001d6b9000
Event: 23465.596 Thread 0x000000001d6ba800 Thread added: 0x000000001d6ba800
Event: 23465.596 Thread 0x0000000018c17800 Thread added: 0x0000000018c17800
Event: 23465.596 Thread 0x0000000018c1c000 Thread added: 0x0000000018c1c000
Event: 23465.597 Thread 0x0000000018c18800 Thread added: 0x0000000018c18800


Dynamic libraries:
0x00007ff7ab880000 - 0x00007ff7ab8b7000 	C:\Program Files\Java\jdk1.8.0_101\bin\java.exe
0x00007fff83040000 - 0x00007fff83211000 	C:\WINDOWS\SYSTEM32\ntdll.dll
0x00007fff82620000 - 0x00007fff826cb000 	C:\WINDOWS\System32\KERNEL32.DLL
0x00007fff803b0000 - 0x00007fff805cd000 	C:\WINDOWS\System32\KERNELBASE.dll
0x00007fff82f90000 - 0x00007fff83032000 	C:\WINDOWS\System32\ADVAPI32.dll
0x00007fff82230000 - 0x00007fff822ce000 	C:\WINDOWS\System32\msvcrt.dll
0x00007fff822f0000 - 0x00007fff82349000 	C:\WINDOWS\System32\sechost.dll
0x00007fff82c00000 - 0x00007fff82d21000 	C:\WINDOWS\System32\RPCRT4.dll
0x00007fff82810000 - 0x00007fff82975000 	C:\WINDOWS\System32\USER32.dll
0x00007fff80050000 - 0x00007fff8006e000 	C:\WINDOWS\System32\win32u.dll
0x00007fff827d0000 - 0x00007fff82804000 	C:\WINDOWS\System32\GDI32.dll
0x00007fff80170000 - 0x00007fff802f2000 	C:\WINDOWS\System32\gdi32full.dll
0x00007fff77c70000 - 0x00007fff77ee9000 	C:\WINDOWS\WinSxS\amd64_microsoft.windows.common-controls_6595b64144ccf1df_6.0.14393.447_none_42191651c6827bb3\COMCTL32.dll
0x00007fff82350000 - 0x00007fff82617000 	C:\WINDOWS\System32\combase.dll
0x00007fff7f600000 - 0x00007fff7f6f5000 	C:\WINDOWS\System32\ucrtbase.dll
0x00007fff7f590000 - 0x00007fff7f5fa000 	C:\WINDOWS\System32\bcryptPrimitives.dll
0x00007fff80b50000 - 0x00007fff80b7e000 	C:\WINDOWS\System32\IMM32.DLL
0x000000005c890000 - 0x000000005c962000 	C:\Program Files\Java\jdk1.8.0_101\jre\bin\msvcr100.dll
0x000000005a320000 - 0x000000005abba000 	C:\Program Files\Java\jdk1.8.0_101\jre\bin\server\jvm.dll
0x00007fff80a70000 - 0x00007fff80a78000 	C:\WINDOWS\System32\PSAPI.DLL
0x00007fff7d480000 - 0x00007fff7d4a3000 	C:\WINDOWS\SYSTEM32\WINMM.dll
0x00007fff7cbf0000 - 0x00007fff7cbf9000 	C:\WINDOWS\SYSTEM32\WSOCK32.dll
0x00007fff796b0000 - 0x00007fff796ba000 	C:\WINDOWS\SYSTEM32\VERSION.dll
0x00007fff805d0000 - 0x00007fff8063a000 	C:\WINDOWS\System32\WS2_32.dll
0x00007fff7d390000 - 0x00007fff7d3bb000 	C:\WINDOWS\SYSTEM32\WINMMBASE.dll
0x00007fff80120000 - 0x00007fff80162000 	C:\WINDOWS\System32\cfgmgr32.dll
0x000000005c880000 - 0x000000005c88f000 	C:\Program Files\Java\jdk1.8.0_101\jre\bin\verify.dll
0x000000005c850000 - 0x000000005c879000 	C:\Program Files\Java\jdk1.8.0_101\jre\bin\java.dll
0x000000005c830000 - 0x000000005c846000 	C:\Program Files\Java\jdk1.8.0_101\jre\bin\zip.dll
0x00007fff80d20000 - 0x00007fff82229000 	C:\WINDOWS\System32\SHELL32.dll
0x00007fff7f970000 - 0x00007fff8004a000 	C:\WINDOWS\System32\windows.storage.dll
0x00007fff7f4e0000 - 0x00007fff7f52c000 	C:\WINDOWS\System32\powrprof.dll
0x00007fff80af0000 - 0x00007fff80b42000 	C:\WINDOWS\System32\shlwapi.dll
0x00007fff7f4d0000 - 0x00007fff7f4df000 	C:\WINDOWS\System32\kernel.appcore.dll
0x00007fff80070000 - 0x00007fff80119000 	C:\WINDOWS\System32\shcore.dll
0x00007fff7f4b0000 - 0x00007fff7f4c4000 	C:\WINDOWS\System32\profapi.dll
0x000000005c810000 - 0x000000005c82a000 	C:\Program Files\Java\jdk1.8.0_101\jre\bin\net.dll
0x00007fff7eca0000 - 0x00007fff7ecfc000 	C:\WINDOWS\system32\mswsock.dll
0x000000005c7f0000 - 0x000000005c801000 	C:\Program Files\Java\jdk1.8.0_101\jre\bin\nio.dll
0x00007fff6f450000 - 0x00007fff6f462000 	C:\Users\DoubleD\.gradle\native\19\windows-amd64\native-platform.dll
0x00007fff7ef10000 - 0x00007fff7ef27000 	C:\WINDOWS\SYSTEM32\CRYPTSP.dll
0x00007fff7ee20000 - 0x00007fff7ee53000 	C:\WINDOWS\system32\rsaenh.dll
0x00007fff7f3e0000 - 0x00007fff7f40b000 	C:\WINDOWS\SYSTEM32\bcrypt.dll
0x00007fff7eb20000 - 0x00007fff7eb3f000 	C:\WINDOWS\SYSTEM32\USERENV.dll
0x00007fff7ef30000 - 0x00007fff7ef3b000 	C:\WINDOWS\SYSTEM32\CRYPTBASE.dll
0x00007fff7ea30000 - 0x00007fff7ea68000 	C:\WINDOWS\SYSTEM32\IPHLPAPI.DLL
0x00007fff82980000 - 0x00007fff82988000 	C:\WINDOWS\System32\NSI.dll
0x00007fff78f00000 - 0x00007fff78f16000 	C:\WINDOWS\SYSTEM32\dhcpcsvc6.DLL
0x00007fff78ea0000 - 0x00007fff78eba000 	C:\WINDOWS\SYSTEM32\dhcpcsvc.DLL
0x000000005c7e0000 - 0x000000005c7ed000 	C:\Program Files\Java\jdk1.8.0_101\jre\bin\management.dll
0x00007fff7da50000 - 0x00007fff7daca000 	C:\WINDOWS\system32\apphelp.dll
0x000000005c7b0000 - 0x000000005c7d4000 	C:\Program Files\Java\jdk1.8.0_101\jre\bin\sunec.dll
0x000000005c7a0000 - 0x000000005c7ab000 	C:\Program Files\Java\jdk1.8.0_101\jre\bin\sunmscapi.dll
0x00007fff7f7a0000 - 0x00007fff7f969000 	C:\WINDOWS\System32\CRYPT32.dll
0x00007fff7f4a0000 - 0x00007fff7f4b0000 	C:\WINDOWS\System32\MSASN1.dll

VM Arguments:
jvm_args: -Xmx1536m -Dfile.encoding=windows-1250 -Duser.country=HU -Duser.language=hu -Duser.variant 
java_command: org.gradle.launcher.daemon.bootstrap.GradleDaemon 2.14.1
java_class_path (initial): G:\Program_Files\Android\Android Studio\gradle\gradle-2.14.1\lib\gradle-launcher-2.14.1.jar
Launcher Type: SUN_STANDARD

Environment Variables:
JAVA_HOME=c:\Program Files\Java\jdk1.8.0_101
PATH=C:\ProgramData\Oracle\Java\javapath;C:\Program Files (x86)\Intel\iCLS Client\;C:\Program Files\Intel\iCLS Client\;C:\Windows\system32;C:\Windows;C:\Windows\System32\Wbem;C:\Windows\System32\WindowsPowerShell\v1.0\;C:\Program Files (x86)\NVIDIA Corporation\PhysX\Common;C:\Program Files\Intel\Intel(R) Management Engine Components\DAL;C:\Program Files\Intel\Intel(R) Management Engine Components\IPT;C:\Program Files (x86)\Intel\Intel(R) Management Engine Components\DAL;C:\Program Files (x86)\Intel\Intel(R) Management Engine Components\IPT;C:\Program Files (x86)\Skype\Phone\;c:\Programs\apache-maven-3.3.9\bin\;C:\Program Files\Git\cmd;c:\Program Files\Java\jdk1.8.0_101\bin;C:\Python27;C:\Python27\Scripts;C:\WINDOWS\system32;C:\WINDOWS;C:\WINDOWS\System32\Wbem;C:\WINDOWS\System32\WindowsPowerShell\v1.0\;C:\Program Files\MongoDB\Server\3.2\bin;F:\Programs\Nodejs\;C:\Program Files\MySQL\MySQL Utilities 1.6\;C:\Users\DoubleD\AppData\Local\Microsoft\WindowsApps;C:\Users\DoubleD\AppData\Roaming\npm
USERNAME=DoubleD
OS=Windows_NT
PROCESSOR_IDENTIFIER=Intel64 Family 6 Model 58 Stepping 9, GenuineIntel



---------------  S Y S T E M  ---------------

OS: Windows 10.0 , 64 bit Build 14393 (10.0.14393.0)

CPU:total 4 (2 cores per cpu, 2 threads per core) family 6 model 58 stepping 9, cmov, cx8, fxsr, mmx, sse, sse2, sse3, ssse3, sse4.1, sse4.2, popcnt, avx, clmul, erms, ht, tsc, tscinvbit, tscinv

Memory: 4k page, physical 12135332k(2294512k free), swap 19027576k(5600k free)

vm_info: Java HotSpot(TM) 64-Bit Server VM (25.101-b13) for windows-amd64 JRE (1.8.0_101-b13), built on Jun 22 2016 01:21:29 by "java_re" with MS VC++ 10.0 (VS2010)

time: Sun Dec 04 00:50:47 2016
elapsed time: 23465 seconds (0d 6h 31m 5s)

